Using pre-set license
Built from '2021.1/staging' branch; Version is '2021.1.22f1 (a137e5fb0427) revision 10565605'; Using compiler version '192528614'; Build Type 'Release'
OS: 'Windows 10 Pro; OS build 19042.1237; Version 2009; 64bit' Language: 'en' Physical Memory: 16298 MB
BatchMode: 1, IsHumanControllingUs: 0, StartBugReporterOnCrash: 0, Is64bit: 1, IsPro: 0

COMMAND LINE ARGUMENTS:
C:\Program Files\Unity\Hub\Editor\2021.1.22f1\Editor\Unity.exe
-adb2
-batchMode
-noUpm
-name
AssetImportWorker0
-projectPath
C:/- Leonardo Fraga Games/Projects/Little-Sim-Neightborhood/LittleSimNeightborhood
-logFile
Logs/AssetImportWorker0.log
-srvPort
9123
Successfully changed project path to: C:/- Leonardo Fraga Games/Projects/Little-Sim-Neightborhood/LittleSimNeightborhood
C:/- Leonardo Fraga Games/Projects/Little-Sim-Neightborhood/LittleSimNeightborhood
Using Asset Import Pipeline V2.
Refreshing native plugins compatible for Editor in 90.98 ms, found 4 plugins.
Preloading 0 native plugins for Editor in 0.00 ms.
Initialize engine version: 2021.1.22f1 (a137e5fb0427)
[Subsystems] Discovering subsystems at path C:/Program Files/Unity/Hub/Editor/2021.1.22f1/Editor/Data/Resources/UnitySubsystems
[Subsystems] Discovering subsystems at path C:/- Leonardo Fraga Games/Projects/Little-Sim-Neightborhood/LittleSimNeightborhood/Assets
GfxDevice: creating device client; threaded=0; jobified=0
Direct3D:
    Version:  Direct3D 11.0 [level 11.1]
    Renderer: NVIDIA GeForce GTX 1660 SUPER (ID=0x21c4)
    Vendor:   NVIDIA
    VRAM:     5991 MB
    Driver:   30.0.14.7212
Initialize mono
Mono path[0] = 'C:/Program Files/Unity/Hub/Editor/2021.1.22f1/Editor/Data/Managed'
Mono path[1] = 'C:/Program Files/Unity/Hub/Editor/2021.1.22f1/Editor/Data/MonoBleedingEdge/lib/mono/unityjit'
Mono config path = 'C:/Program Files/Unity/Hub/Editor/2021.1.22f1/Editor/Data/MonoBleedingEdge/etc'
Using monoOptions --debugger-agent=transport=dt_socket,embedding=1,server=y,suspend=n,address=127.0.0.1:56180
Begin MonoManager ReloadAssembly
Registering precompiled unity dll's ...
Register platform support module: C:/Program Files/Unity/Hub/Editor/2021.1.22f1/Editor/Data/PlaybackEngines/WindowsStandaloneSupport/UnityEditor.WindowsStandalone.Extensions.dll
Registered in 0.001481 seconds.
Native extension for WindowsStandalone target not found
Refreshing native plugins compatible for Editor in 91.83 ms, found 4 plugins.
Preloading 0 native plugins for Editor in 0.00 ms.
Mono: successfully reloaded assembly
- Completed reload, in  0.851 seconds
Domain Reload Profiling:
	ReloadAssembly (851ms)
		BeginReloadAssembly (44ms)
			ExecutionOrderSort (0ms)
			DisableScriptedObjects (0ms)
			BackupInstance (0ms)
			ReleaseScriptingObjects (0ms)
			CreateAndSetChildDomain (1ms)
		EndReloadAssembly (334ms)
			LoadAssemblies (43ms)
			RebuildTransferFunctionScriptingTraits (0ms)
			SetupTypeCache (99ms)
			ReleaseScriptCaches (0ms)
			RebuildScriptCaches (18ms)
			SetupLoadedEditorAssemblies (185ms)
				LogAssemblyErrors (0ms)
				InitializePlatformSupportModulesInManaged (4ms)
				SetLoadedEditorAssemblies (0ms)
				RefreshPlugins (92ms)
				BeforeProcessingInitializeOnLoad (1ms)
				ProcessInitializeOnLoadAttributes (67ms)
				ProcessInitializeOnLoadMethodAttributes (20ms)
				AfterProcessingInitializeOnLoad (0ms)
				EditorAssembliesLoaded (0ms)
			ExecutionOrderSort2 (0ms)
			AwakeInstancesAfterBackupRestoration (0ms)
Platform modules already initialized, skipping
Registering precompiled user dll's ...
Registered in 0.004255 seconds.
Begin MonoManager ReloadAssembly
Symbol file LoadedFromMemory doesn't match image C:\- Leonardo Fraga Games\Projects\Little-Sim-Neightborhood\LittleSimNeightborhood\Library\PackageCache\com.unity.visualscripting@1.6.1\Editor\VisualScripting.Core\Dependencies\YamlDotNet\Unity.VisualScripting.YamlDotNet.dll
Symbol file LoadedFromMemory doesn't match image C:\- Leonardo Fraga Games\Projects\Little-Sim-Neightborhood\LittleSimNeightborhood\Library\PackageCache\com.unity.visualscripting@1.6.1\Editor\VisualScripting.Core\Dependencies\DotNetZip\Unity.VisualScripting.IonicZip.dll
Native extension for WindowsStandalone target not found
Refreshing native plugins compatible for Editor in 90.69 ms, found 4 plugins.
Preloading 0 native plugins for Editor in 0.00 ms.
Mono: successfully reloaded assembly
- Completed reload, in  0.930 seconds
Domain Reload Profiling:
	ReloadAssembly (930ms)
		BeginReloadAssembly (107ms)
			ExecutionOrderSort (0ms)
			DisableScriptedObjects (3ms)
			BackupInstance (0ms)
			ReleaseScriptingObjects (0ms)
			CreateAndSetChildDomain (16ms)
		EndReloadAssembly (781ms)
			LoadAssemblies (72ms)
			RebuildTransferFunctionScriptingTraits (0ms)
			SetupTypeCache (240ms)
			ReleaseScriptCaches (1ms)
			RebuildScriptCaches (42ms)
			SetupLoadedEditorAssemblies (368ms)
				LogAssemblyErrors (0ms)
				InitializePlatformSupportModulesInManaged (3ms)
				SetLoadedEditorAssemblies (0ms)
				RefreshPlugins (91ms)
				BeforeProcessingInitializeOnLoad (85ms)
				ProcessInitializeOnLoadAttributes (174ms)
				ProcessInitializeOnLoadMethodAttributes (11ms)
				AfterProcessingInitializeOnLoad (5ms)
				EditorAssembliesLoaded (0ms)
			ExecutionOrderSort2 (0ms)
			AwakeInstancesAfterBackupRestoration (5ms)
Platform modules already initialized, skipping
========================================================================
Worker process is ready to serve import requests
Launched and connected shader compiler UnityShaderCompiler.exe after 0.04 seconds
Refreshing native plugins compatible for Editor in 0.82 ms, found 4 plugins.
Preloading 0 native plugins for Editor in 0.00 ms.
Unloading 5047 Unused Serialized files (Serialized files now loaded: 0)
System memory in use before: 195.3 MB.
System memory in use after: 195.8 MB.

Unloading 30 unused Assets to reduce memory usage. Loaded Objects now: 5502.
Total: 2.884700 ms (FindLiveObjects: 0.288500 ms CreateObjectMapping: 0.126200 ms MarkObjects: 2.451100 ms  DeleteObjects: 0.018300 ms)

AssetImportParameters requested are different than current active one (requested -> active):
  custom:framework-win-MediaFoundation: 216162199b28c13a410421893ffa2e32 -> 
  custom:video-decoder-ogg-theora: a1e56fd34408186e4bbccfd4996cb3dc -> 
  custom:container-muxer-webm: aa71ff27fc2769a1b78a27578f13a17b -> 
  custom:container-demuxer-webm: 4f35f7cbe854078d1ac9338744f61a02 -> 
  custom:container-demuxer-ogg: 62fdf1f143b41e24485cea50d1cbac27 -> 
  custom:video-encoder-webm-vp8: eb34c28f22e8b96e1ab97ce403110664 -> 
  custom:video-decoder-webm-vp8: 9c59270c3fd7afecdb556c50c9e8de78 -> 
  custom:audio-decoder-ogg-vorbis: bf7c407c2cedff20999df2af8eb42d56 -> 
  custom:audio-encoder-webm-vorbis: bf7c407c2cedff20999df2af8eb42d56 -> 
========================================================================
Received Import Request.
  path: Assets/2 - Animators & Anims
  artifactKey: Guid(73615681764889a4b8365023b98a6402) Importer(815301076,1909f56bfc062723c751e8b465ee728b)
Start importing Assets/2 - Animators & Anims using Guid(73615681764889a4b8365023b98a6402) Importer(815301076,1909f56bfc062723c751e8b465ee728b)  -> (artifact id: 'cbbe181abe5abab5343fbd8d40f98b86') in 0.009772 seconds 
========================================================================
Received Import Request.
  Time since last request: 7.767183 seconds.
  path: Assets/2 - Animators & Anims/Overhead Icon
  artifactKey: Guid(a29dda760ff385e49bea04cf4ef38092) Importer(815301076,1909f56bfc062723c751e8b465ee728b)
Start importing Assets/2 - Animators & Anims/Overhead Icon using Guid(a29dda760ff385e49bea04cf4ef38092) Importer(815301076,1909f56bfc062723c751e8b465ee728b)  -> (artifact id: '181def8df3db0f228d32081374d83c71') in 0.006153 seconds 
========================================================================
Received Import Request.
  Time since last request: 10.065795 seconds.
  path: Assets/2 - Animators & Anims/Overhead Icon/OverheadIcon_Animator.controller
  artifactKey: Guid(51a397932675bf147aa917d5f7a1f4ff) Importer(815301076,1909f56bfc062723c751e8b465ee728b)
Start importing Assets/2 - Animators & Anims/Overhead Icon/OverheadIcon_Animator.controller using Guid(51a397932675bf147aa917d5f7a1f4ff) Importer(815301076,1909f56bfc062723c751e8b465ee728b)  -> (artifact id: '0ee982878086c006e8c2127bb70bf391') in 0.023724 seconds 
========================================================================
Received Import Request.
  Time since last request: 65.357096 seconds.
  path: Assets/2 - Animators & Anims/Overhead Icon/OverheadIcon_Idle.anim
  artifactKey: Guid(4e088ee1c1af5c24c83ce32790ef4a29) Importer(815301076,1909f56bfc062723c751e8b465ee728b)
Start importing Assets/2 - Animators & Anims/Overhead Icon/OverheadIcon_Idle.anim using Guid(4e088ee1c1af5c24c83ce32790ef4a29) Importer(815301076,1909f56bfc062723c751e8b465ee728b)  -> (artifact id: '41babac04c7385b4925e24f88ca93ded') in 0.006651 seconds 
========================================================================
Received Prepare
Registering precompiled user dll's ...
Registered in 0.003824 seconds.
Begin MonoManager ReloadAssembly
Symbol file LoadedFromMemory doesn't match image C:\- Leonardo Fraga Games\Projects\Little-Sim-Neightborhood\LittleSimNeightborhood\Library\PackageCache\com.unity.visualscripting@1.6.1\Editor\VisualScripting.Core\Dependencies\YamlDotNet\Unity.VisualScripting.YamlDotNet.dll
Symbol file LoadedFromMemory doesn't match image C:\- Leonardo Fraga Games\Projects\Little-Sim-Neightborhood\LittleSimNeightborhood\Library\PackageCache\com.unity.visualscripting@1.6.1\Editor\VisualScripting.Core\Dependencies\DotNetZip\Unity.VisualScripting.IonicZip.dll
Native extension for WindowsStandalone target not found
Refreshing native plugins compatible for Editor in 0.84 ms, found 4 plugins.
Preloading 0 native plugins for Editor in 0.00 ms.
Mono: successfully reloaded assembly
- Completed reload, in  0.798 seconds
Domain Reload Profiling:
	ReloadAssembly (799ms)
		BeginReloadAssembly (103ms)
			ExecutionOrderSort (0ms)
			DisableScriptedObjects (5ms)
			BackupInstance (0ms)
			ReleaseScriptingObjects (0ms)
			CreateAndSetChildDomain (33ms)
		EndReloadAssembly (655ms)
			LoadAssemblies (71ms)
			RebuildTransferFunctionScriptingTraits (0ms)
			SetupTypeCache (247ms)
			ReleaseScriptCaches (1ms)
			RebuildScriptCaches (32ms)
			SetupLoadedEditorAssemblies (233ms)
				LogAssemblyErrors (0ms)
				InitializePlatformSupportModulesInManaged (3ms)
				SetLoadedEditorAssemblies (0ms)
				RefreshPlugins (1ms)
				BeforeProcessingInitializeOnLoad (60ms)
				ProcessInitializeOnLoadAttributes (157ms)
				ProcessInitializeOnLoadMethodAttributes (6ms)
				AfterProcessingInitializeOnLoad (5ms)
				EditorAssembliesLoaded (0ms)
			ExecutionOrderSort2 (0ms)
			AwakeInstancesAfterBackupRestoration (8ms)
Platform modules already initialized, skipping
Refreshing native plugins compatible for Editor in 0.83 ms, found 4 plugins.
Preloading 0 native plugins for Editor in 0.00 ms.
Unloading 4917 Unused Serialized files (Serialized files now loaded: 0)
System memory in use before: 186.5 MB.
System memory in use after: 187.0 MB.

Unloading 19 unused Assets to reduce memory usage. Loaded Objects now: 5505.
Total: 2.903400 ms (FindLiveObjects: 0.291600 ms CreateObjectMapping: 0.124200 ms MarkObjects: 2.472700 ms  DeleteObjects: 0.014200 ms)

AssetImportParameters requested are different than current active one (requested -> active):
  custom:framework-win-MediaFoundation: 216162199b28c13a410421893ffa2e32 -> 
  custom:video-decoder-ogg-theora: a1e56fd34408186e4bbccfd4996cb3dc -> 
  custom:container-muxer-webm: aa71ff27fc2769a1b78a27578f13a17b -> 
  custom:container-demuxer-webm: 4f35f7cbe854078d1ac9338744f61a02 -> 
  custom:container-demuxer-ogg: 62fdf1f143b41e24485cea50d1cbac27 -> 
  custom:video-encoder-webm-vp8: eb34c28f22e8b96e1ab97ce403110664 -> 
  custom:video-decoder-webm-vp8: 9c59270c3fd7afecdb556c50c9e8de78 -> 
  custom:audio-decoder-ogg-vorbis: bf7c407c2cedff20999df2af8eb42d56 -> 
  custom:audio-encoder-webm-vorbis: bf7c407c2cedff20999df2af8eb42d56 -> 
========================================================================
Received Import Request.
  Time since last request: 141.477257 seconds.
  path: Assets/simple UI & icons/icons/icon_06.png
  artifactKey: Guid(aea0e8f6213c7c44cb8c3e6204459bcc) Importer(815301076,1909f56bfc062723c751e8b465ee728b)
Start importing Assets/simple UI & icons/icons/icon_06.png using Guid(aea0e8f6213c7c44cb8c3e6204459bcc) Importer(815301076,1909f56bfc062723c751e8b465ee728b)  -> (artifact id: '3cbca0f2c3ab7cc288c54bcbd822cb1e') in 0.077689 seconds 
========================================================================
Received Import Request.
  Time since last request: 8.232853 seconds.
  path: Assets/simple UI & icons/icons/icon_06.png
  artifactKey: Guid(aea0e8f6213c7c44cb8c3e6204459bcc) Importer(815301076,1909f56bfc062723c751e8b465ee728b)
Start importing Assets/simple UI & icons/icons/icon_06.png using Guid(aea0e8f6213c7c44cb8c3e6204459bcc) Importer(815301076,1909f56bfc062723c751e8b465ee728b)  -> (artifact id: 'e6010f34bf7d80767066f46846c35e5b') in 0.006445 seconds 
========================================================================
Received Prepare
Registering precompiled user dll's ...
Registered in 0.004059 seconds.
Begin MonoManager ReloadAssembly
Symbol file LoadedFromMemory doesn't match image C:\- Leonardo Fraga Games\Projects\Little-Sim-Neightborhood\LittleSimNeightborhood\Library\PackageCache\com.unity.visualscripting@1.6.1\Editor\VisualScripting.Core\Dependencies\YamlDotNet\Unity.VisualScripting.YamlDotNet.dll
Symbol file LoadedFromMemory doesn't match image C:\- Leonardo Fraga Games\Projects\Little-Sim-Neightborhood\LittleSimNeightborhood\Library\PackageCache\com.unity.visualscripting@1.6.1\Editor\VisualScripting.Core\Dependencies\DotNetZip\Unity.VisualScripting.IonicZip.dll
Native extension for WindowsStandalone target not found
Refreshing native plugins compatible for Editor in 0.84 ms, found 4 plugins.
Preloading 0 native plugins for Editor in 0.00 ms.
Mono: successfully reloaded assembly
- Completed reload, in  0.787 seconds
Domain Reload Profiling:
	ReloadAssembly (787ms)
		BeginReloadAssembly (94ms)
			ExecutionOrderSort (0ms)
			DisableScriptedObjects (5ms)
			BackupInstance (0ms)
			ReleaseScriptingObjects (0ms)
			CreateAndSetChildDomain (32ms)
		EndReloadAssembly (652ms)
			LoadAssemblies (72ms)
			RebuildTransferFunctionScriptingTraits (0ms)
			SetupTypeCache (235ms)
			ReleaseScriptCaches (1ms)
			RebuildScriptCaches (33ms)
			SetupLoadedEditorAssemblies (237ms)
				LogAssemblyErrors (0ms)
				InitializePlatformSupportModulesInManaged (3ms)
				SetLoadedEditorAssemblies (0ms)
				RefreshPlugins (1ms)
				BeforeProcessingInitializeOnLoad (62ms)
				ProcessInitializeOnLoadAttributes (160ms)
				ProcessInitializeOnLoadMethodAttributes (6ms)
				AfterProcessingInitializeOnLoad (5ms)
				EditorAssembliesLoaded (0ms)
			ExecutionOrderSort2 (0ms)
			AwakeInstancesAfterBackupRestoration (10ms)
Platform modules already initialized, skipping
Refreshing native plugins compatible for Editor in 0.84 ms, found 4 plugins.
Preloading 0 native plugins for Editor in 0.00 ms.
Unloading 4918 Unused Serialized files (Serialized files now loaded: 0)
System memory in use before: 191.3 MB.
System memory in use after: 191.8 MB.

Unloading 19 unused Assets to reduce memory usage. Loaded Objects now: 5543.
Total: 3.367000 ms (FindLiveObjects: 0.320300 ms CreateObjectMapping: 0.154600 ms MarkObjects: 2.873100 ms  DeleteObjects: 0.018400 ms)

AssetImportParameters requested are different than current active one (requested -> active):
  custom:framework-win-MediaFoundation: 216162199b28c13a410421893ffa2e32 -> 
  custom:video-decoder-ogg-theora: a1e56fd34408186e4bbccfd4996cb3dc -> 
  custom:container-muxer-webm: aa71ff27fc2769a1b78a27578f13a17b -> 
  custom:container-demuxer-webm: 4f35f7cbe854078d1ac9338744f61a02 -> 
  custom:container-demuxer-ogg: 62fdf1f143b41e24485cea50d1cbac27 -> 
  custom:video-encoder-webm-vp8: eb34c28f22e8b96e1ab97ce403110664 -> 
  custom:video-decoder-webm-vp8: 9c59270c3fd7afecdb556c50c9e8de78 -> 
  custom:audio-decoder-ogg-vorbis: bf7c407c2cedff20999df2af8eb42d56 -> 
  custom:audio-encoder-webm-vorbis: bf7c407c2cedff20999df2af8eb42d56 -> 
========================================================================
Received Import Request.
  Time since last request: 166.931115 seconds.
  path: Assets/4 - Prefabs/0 - Environment/Bush 06 - Holder.prefab
  artifactKey: Guid(8f7c8e447cfc0774a9da205cdae75603) Importer(815301076,1909f56bfc062723c751e8b465ee728b)
Start importing Assets/4 - Prefabs/0 - Environment/Bush 06 - Holder.prefab using Guid(8f7c8e447cfc0774a9da205cdae75603) Importer(815301076,1909f56bfc062723c751e8b465ee728b)  -> (artifact id: '10659d2bd7fb0b8d4111a71cd8e4865a') in 0.115994 seconds 
========================================================================
Received Import Request.
  Time since last request: 29.286318 seconds.
  path: Assets/4 - Prefabs/0 - Environment/Tree 01 - Holder.prefab
  artifactKey: Guid(ddadb47a1d7f57e46b73542edc847a87) Importer(815301076,1909f56bfc062723c751e8b465ee728b)
Start importing Assets/4 - Prefabs/0 - Environment/Tree 01 - Holder.prefab using Guid(ddadb47a1d7f57e46b73542edc847a87) Importer(815301076,1909f56bfc062723c751e8b465ee728b)  -> (artifact id: '63279363875e0c1610f51cf670da65ed') in 0.011825 seconds 
========================================================================
Received Prepare
Registering precompiled user dll's ...
Registered in 0.003875 seconds.
Begin MonoManager ReloadAssembly
Symbol file LoadedFromMemory doesn't match image C:\- Leonardo Fraga Games\Projects\Little-Sim-Neightborhood\LittleSimNeightborhood\Library\PackageCache\com.unity.visualscripting@1.6.1\Editor\VisualScripting.Core\Dependencies\YamlDotNet\Unity.VisualScripting.YamlDotNet.dll
Symbol file LoadedFromMemory doesn't match image C:\- Leonardo Fraga Games\Projects\Little-Sim-Neightborhood\LittleSimNeightborhood\Library\PackageCache\com.unity.visualscripting@1.6.1\Editor\VisualScripting.Core\Dependencies\DotNetZip\Unity.VisualScripting.IonicZip.dll
Native extension for WindowsStandalone target not found
Refreshing native plugins compatible for Editor in 0.84 ms, found 4 plugins.
Preloading 0 native plugins for Editor in 0.00 ms.
Mono: successfully reloaded assembly
- Completed reload, in  0.855 seconds
Domain Reload Profiling:
	ReloadAssembly (856ms)
		BeginReloadAssembly (115ms)
			ExecutionOrderSort (0ms)
			DisableScriptedObjects (6ms)
			BackupInstance (0ms)
			ReleaseScriptingObjects (0ms)
			CreateAndSetChildDomain (33ms)
		EndReloadAssembly (690ms)
			LoadAssemblies (72ms)
			RebuildTransferFunctionScriptingTraits (0ms)
			SetupTypeCache (247ms)
			ReleaseScriptCaches (1ms)
			RebuildScriptCaches (32ms)
			SetupLoadedEditorAssemblies (245ms)
				LogAssemblyErrors (0ms)
				InitializePlatformSupportModulesInManaged (3ms)
				SetLoadedEditorAssemblies (1ms)
				RefreshPlugins (1ms)
				BeforeProcessingInitializeOnLoad (66ms)
				ProcessInitializeOnLoadAttributes (163ms)
				ProcessInitializeOnLoadMethodAttributes (6ms)
				AfterProcessingInitializeOnLoad (5ms)
				EditorAssembliesLoaded (0ms)
			ExecutionOrderSort2 (0ms)
			AwakeInstancesAfterBackupRestoration (14ms)
Platform modules already initialized, skipping
Refreshing native plugins compatible for Editor in 1.08 ms, found 4 plugins.
Preloading 0 native plugins for Editor in 0.00 ms.
Unloading 4917 Unused Serialized files (Serialized files now loaded: 0)
System memory in use before: 193.5 MB.
System memory in use after: 194.0 MB.

Unloading 19 unused Assets to reduce memory usage. Loaded Objects now: 5591.
Total: 3.093700 ms (FindLiveObjects: 0.323900 ms CreateObjectMapping: 0.128000 ms MarkObjects: 2.625300 ms  DeleteObjects: 0.015700 ms)

AssetImportParameters requested are different than current active one (requested -> active):
  custom:framework-win-MediaFoundation: 216162199b28c13a410421893ffa2e32 -> 
  custom:video-decoder-ogg-theora: a1e56fd34408186e4bbccfd4996cb3dc -> 
  custom:container-muxer-webm: aa71ff27fc2769a1b78a27578f13a17b -> 
  custom:container-demuxer-webm: 4f35f7cbe854078d1ac9338744f61a02 -> 
  custom:container-demuxer-ogg: 62fdf1f143b41e24485cea50d1cbac27 -> 
  custom:video-encoder-webm-vp8: eb34c28f22e8b96e1ab97ce403110664 -> 
  custom:video-decoder-webm-vp8: 9c59270c3fd7afecdb556c50c9e8de78 -> 
  custom:audio-decoder-ogg-vorbis: bf7c407c2cedff20999df2af8eb42d56 -> 
  custom:audio-encoder-webm-vorbis: bf7c407c2cedff20999df2af8eb42d56 -> 
========================================================================
Received Prepare
Registering precompiled user dll's ...
Registered in 0.004844 seconds.
Begin MonoManager ReloadAssembly
Symbol file LoadedFromMemory doesn't match image C:\- Leonardo Fraga Games\Projects\Little-Sim-Neightborhood\LittleSimNeightborhood\Library\PackageCache\com.unity.visualscripting@1.6.1\Editor\VisualScripting.Core\Dependencies\YamlDotNet\Unity.VisualScripting.YamlDotNet.dll
Symbol file LoadedFromMemory doesn't match image C:\- Leonardo Fraga Games\Projects\Little-Sim-Neightborhood\LittleSimNeightborhood\Library\PackageCache\com.unity.visualscripting@1.6.1\Editor\VisualScripting.Core\Dependencies\DotNetZip\Unity.VisualScripting.IonicZip.dll
Native extension for WindowsStandalone target not found
Refreshing native plugins compatible for Editor in 0.88 ms, found 4 plugins.
Preloading 0 native plugins for Editor in 0.00 ms.
Mono: successfully reloaded assembly
- Completed reload, in  0.844 seconds
Domain Reload Profiling:
	ReloadAssembly (844ms)
		BeginReloadAssembly (102ms)
			ExecutionOrderSort (0ms)
			DisableScriptedObjects (6ms)
			BackupInstance (0ms)
			ReleaseScriptingObjects (0ms)
			CreateAndSetChildDomain (31ms)
		EndReloadAssembly (702ms)
			LoadAssemblies (76ms)
			RebuildTransferFunctionScriptingTraits (0ms)
			SetupTypeCache (243ms)
			ReleaseScriptCaches (1ms)
			RebuildScriptCaches (33ms)
			SetupLoadedEditorAssemblies (256ms)
				LogAssemblyErrors (0ms)
				InitializePlatformSupportModulesInManaged (4ms)
				SetLoadedEditorAssemblies (0ms)
				RefreshPlugins (1ms)
				BeforeProcessingInitializeOnLoad (65ms)
				ProcessInitializeOnLoadAttributes (175ms)
				ProcessInitializeOnLoadMethodAttributes (7ms)
				AfterProcessingInitializeOnLoad (5ms)
				EditorAssembliesLoaded (0ms)
			ExecutionOrderSort2 (0ms)
			AwakeInstancesAfterBackupRestoration (15ms)
Platform modules already initialized, skipping
Refreshing native plugins compatible for Editor in 0.87 ms, found 4 plugins.
Preloading 0 native plugins for Editor in 0.00 ms.
Unloading 4917 Unused Serialized files (Serialized files now loaded: 0)
System memory in use before: 193.6 MB.
System memory in use after: 194.0 MB.

Unloading 19 unused Assets to reduce memory usage. Loaded Objects now: 5594.
Total: 3.143500 ms (FindLiveObjects: 0.332300 ms CreateObjectMapping: 0.131100 ms MarkObjects: 2.663600 ms  DeleteObjects: 0.015700 ms)

AssetImportParameters requested are different than current active one (requested -> active):
  custom:framework-win-MediaFoundation: 216162199b28c13a410421893ffa2e32 -> 
  custom:video-decoder-ogg-theora: a1e56fd34408186e4bbccfd4996cb3dc -> 
  custom:container-muxer-webm: aa71ff27fc2769a1b78a27578f13a17b -> 
  custom:container-demuxer-webm: 4f35f7cbe854078d1ac9338744f61a02 -> 
  custom:container-demuxer-ogg: 62fdf1f143b41e24485cea50d1cbac27 -> 
  custom:video-encoder-webm-vp8: eb34c28f22e8b96e1ab97ce403110664 -> 
  custom:video-decoder-webm-vp8: 9c59270c3fd7afecdb556c50c9e8de78 -> 
  custom:audio-decoder-ogg-vorbis: bf7c407c2cedff20999df2af8eb42d56 -> 
  custom:audio-encoder-webm-vorbis: bf7c407c2cedff20999df2af8eb42d56 -> 
========================================================================
Received Import Request.
  Time since last request: 319.903956 seconds.
  path: Assets/4 - Prefabs/0 - Environment/Statue 01 - Holder.prefab
  artifactKey: Guid(b80442eecd3ee4a4697f83c420c9f251) Importer(815301076,1909f56bfc062723c751e8b465ee728b)
Start importing Assets/4 - Prefabs/0 - Environment/Statue 01 - Holder.prefab using Guid(b80442eecd3ee4a4697f83c420c9f251) Importer(815301076,1909f56bfc062723c751e8b465ee728b)  -> (artifact id: '2fdaf5d50676ade42ca9bde7be2376cc') in 0.106865 seconds 
========================================================================
Received Import Request.
  Time since last request: 479.663507 seconds.
  path: Assets/0 - Scripts/2 - Environment/BenchController.cs
  artifactKey: Guid(a04aade5dbb28c84abaf18fb0f80d162) Importer(815301076,1909f56bfc062723c751e8b465ee728b)
Start importing Assets/0 - Scripts/2 - Environment/BenchController.cs using Guid(a04aade5dbb28c84abaf18fb0f80d162) Importer(815301076,1909f56bfc062723c751e8b465ee728b)  -> (artifact id: '68a31cc875d7aaec899966329a7ddd08') in 0.008757 seconds 
========================================================================
Received Prepare
Registering precompiled user dll's ...
Registered in 0.004109 seconds.
Begin MonoManager ReloadAssembly
Symbol file LoadedFromMemory doesn't match image C:\- Leonardo Fraga Games\Projects\Little-Sim-Neightborhood\LittleSimNeightborhood\Library\PackageCache\com.unity.visualscripting@1.6.1\Editor\VisualScripting.Core\Dependencies\YamlDotNet\Unity.VisualScripting.YamlDotNet.dll
Symbol file LoadedFromMemory doesn't match image C:\- Leonardo Fraga Games\Projects\Little-Sim-Neightborhood\LittleSimNeightborhood\Library\PackageCache\com.unity.visualscripting@1.6.1\Editor\VisualScripting.Core\Dependencies\DotNetZip\Unity.VisualScripting.IonicZip.dll
Native extension for WindowsStandalone target not found
Refreshing native plugins compatible for Editor in 0.87 ms, found 4 plugins.
Preloading 0 native plugins for Editor in 0.00 ms.
Mono: successfully reloaded assembly
- Completed reload, in  0.965 seconds
Domain Reload Profiling:
	ReloadAssembly (965ms)
		BeginReloadAssembly (127ms)
			ExecutionOrderSort (0ms)
			DisableScriptedObjects (6ms)
			BackupInstance (0ms)
			ReleaseScriptingObjects (0ms)
			CreateAndSetChildDomain (37ms)
		EndReloadAssembly (794ms)
			LoadAssemblies (94ms)
			RebuildTransferFunctionScriptingTraits (0ms)
			SetupTypeCache (292ms)
			ReleaseScriptCaches (2ms)
			RebuildScriptCaches (36ms)
			SetupLoadedEditorAssemblies (277ms)
				LogAssemblyErrors (0ms)
				InitializePlatformSupportModulesInManaged (3ms)
				SetLoadedEditorAssemblies (1ms)
				RefreshPlugins (1ms)
				BeforeProcessingInitializeOnLoad (66ms)
				ProcessInitializeOnLoadAttributes (193ms)
				ProcessInitializeOnLoadMethodAttributes (7ms)
				AfterProcessingInitializeOnLoad (5ms)
				EditorAssembliesLoaded (0ms)
			ExecutionOrderSort2 (0ms)
			AwakeInstancesAfterBackupRestoration (16ms)
Platform modules already initialized, skipping
Refreshing native plugins compatible for Editor in 0.87 ms, found 4 plugins.
Preloading 0 native plugins for Editor in 0.00 ms.
Unloading 4918 Unused Serialized files (Serialized files now loaded: 0)
System memory in use before: 193.5 MB.
System memory in use after: 193.9 MB.

Unloading 19 unused Assets to reduce memory usage. Loaded Objects now: 5636.
Total: 3.363600 ms (FindLiveObjects: 0.360000 ms CreateObjectMapping: 0.197000 ms MarkObjects: 2.789600 ms  DeleteObjects: 0.016500 ms)

AssetImportParameters requested are different than current active one (requested -> active):
  custom:framework-win-MediaFoundation: 216162199b28c13a410421893ffa2e32 -> 
  custom:video-decoder-ogg-theora: a1e56fd34408186e4bbccfd4996cb3dc -> 
  custom:container-muxer-webm: aa71ff27fc2769a1b78a27578f13a17b -> 
  custom:container-demuxer-webm: 4f35f7cbe854078d1ac9338744f61a02 -> 
  custom:container-demuxer-ogg: 62fdf1f143b41e24485cea50d1cbac27 -> 
  custom:video-encoder-webm-vp8: eb34c28f22e8b96e1ab97ce403110664 -> 
  custom:video-decoder-webm-vp8: 9c59270c3fd7afecdb556c50c9e8de78 -> 
  custom:audio-decoder-ogg-vorbis: bf7c407c2cedff20999df2af8eb42d56 -> 
  custom:audio-encoder-webm-vorbis: bf7c407c2cedff20999df2af8eb42d56 -> 
========================================================================
Received Prepare
Registering precompiled user dll's ...
Registered in 0.004230 seconds.
Begin MonoManager ReloadAssembly
Symbol file LoadedFromMemory doesn't match image C:\- Leonardo Fraga Games\Projects\Little-Sim-Neightborhood\LittleSimNeightborhood\Library\PackageCache\com.unity.visualscripting@1.6.1\Editor\VisualScripting.Core\Dependencies\YamlDotNet\Unity.VisualScripting.YamlDotNet.dll
Symbol file LoadedFromMemory doesn't match image C:\- Leonardo Fraga Games\Projects\Little-Sim-Neightborhood\LittleSimNeightborhood\Library\PackageCache\com.unity.visualscripting@1.6.1\Editor\VisualScripting.Core\Dependencies\DotNetZip\Unity.VisualScripting.IonicZip.dll
Native extension for WindowsStandalone target not found
Refreshing native plugins compatible for Editor in 0.97 ms, found 4 plugins.
Preloading 0 native plugins for Editor in 0.00 ms.
Mono: successfully reloaded assembly
- Completed reload, in  0.970 seconds
Domain Reload Profiling:
	ReloadAssembly (970ms)
		BeginReloadAssembly (101ms)
			ExecutionOrderSort (0ms)
			DisableScriptedObjects (6ms)
			BackupInstance (0ms)
			ReleaseScriptingObjects (0ms)
			CreateAndSetChildDomain (32ms)
		EndReloadAssembly (818ms)
			LoadAssemblies (80ms)
			RebuildTransferFunctionScriptingTraits (0ms)
			SetupTypeCache (280ms)
			ReleaseScriptCaches (1ms)
			RebuildScriptCaches (41ms)
			SetupLoadedEditorAssemblies (288ms)
				LogAssemblyErrors (0ms)
				InitializePlatformSupportModulesInManaged (4ms)
				SetLoadedEditorAssemblies (0ms)
				RefreshPlugins (1ms)
				BeforeProcessingInitializeOnLoad (75ms)
				ProcessInitializeOnLoadAttributes (191ms)
				ProcessInitializeOnLoadMethodAttributes (8ms)
				AfterProcessingInitializeOnLoad (9ms)
				EditorAssembliesLoaded (0ms)
			ExecutionOrderSort2 (0ms)
			AwakeInstancesAfterBackupRestoration (21ms)
Platform modules already initialized, skipping
Refreshing native plugins compatible for Editor in 1.41 ms, found 4 plugins.
Preloading 0 native plugins for Editor in 0.00 ms.
Unloading 4917 Unused Serialized files (Serialized files now loaded: 0)
System memory in use before: 193.6 MB.
System memory in use after: 194.1 MB.

Unloading 20 unused Assets to reduce memory usage. Loaded Objects now: 5638.
Total: 3.204400 ms (FindLiveObjects: 0.314900 ms CreateObjectMapping: 0.111800 ms MarkObjects: 2.758600 ms  DeleteObjects: 0.018600 ms)

AssetImportParameters requested are different than current active one (requested -> active):
  custom:framework-win-MediaFoundation: 216162199b28c13a410421893ffa2e32 -> 
  custom:video-decoder-ogg-theora: a1e56fd34408186e4bbccfd4996cb3dc -> 
  custom:container-muxer-webm: aa71ff27fc2769a1b78a27578f13a17b -> 
  custom:container-demuxer-webm: 4f35f7cbe854078d1ac9338744f61a02 -> 
  custom:container-demuxer-ogg: 62fdf1f143b41e24485cea50d1cbac27 -> 
  custom:video-encoder-webm-vp8: eb34c28f22e8b96e1ab97ce403110664 -> 
  custom:video-decoder-webm-vp8: 9c59270c3fd7afecdb556c50c9e8de78 -> 
  custom:audio-decoder-ogg-vorbis: bf7c407c2cedff20999df2af8eb42d56 -> 
  custom:audio-encoder-webm-vorbis: bf7c407c2cedff20999df2af8eb42d56 -> 
========================================================================
Received Import Request.
  Time since last request: 202.530653 seconds.
  path: Assets/4 - Prefabs/0 - Environment/Bench.prefab
  artifactKey: Guid(e13c510e0c2801942b8790553b7b84c6) Importer(815301076,1909f56bfc062723c751e8b465ee728b)
Start importing Assets/4 - Prefabs/0 - Environment/Bench.prefab using Guid(e13c510e0c2801942b8790553b7b84c6) Importer(815301076,1909f56bfc062723c751e8b465ee728b)  -> (artifact id: '7a21926a8d23643e3fec2b1f75d422f7') in 0.121451 seconds 
========================================================================
Received Import Request.
  Time since last request: 34.140712 seconds.
  path: Assets/4 - Prefabs/0 - Environment/Tree 02 - Holder Variant.prefab
  artifactKey: Guid(11a64c9b83ef07b479efdfdb11c248d1) Importer(815301076,1909f56bfc062723c751e8b465ee728b)
Start importing Assets/4 - Prefabs/0 - Environment/Tree 02 - Holder Variant.prefab using Guid(11a64c9b83ef07b479efdfdb11c248d1) Importer(815301076,1909f56bfc062723c751e8b465ee728b)  -> (artifact id: '468668dd752092248e53265cb12c431b') in 0.012479 seconds 
========================================================================
Received Prepare
Registering precompiled user dll's ...
Registered in 0.004246 seconds.
Begin MonoManager ReloadAssembly
Symbol file LoadedFromMemory doesn't match image C:\- Leonardo Fraga Games\Projects\Little-Sim-Neightborhood\LittleSimNeightborhood\Library\PackageCache\com.unity.visualscripting@1.6.1\Editor\VisualScripting.Core\Dependencies\YamlDotNet\Unity.VisualScripting.YamlDotNet.dll
Symbol file LoadedFromMemory doesn't match image C:\- Leonardo Fraga Games\Projects\Little-Sim-Neightborhood\LittleSimNeightborhood\Library\PackageCache\com.unity.visualscripting@1.6.1\Editor\VisualScripting.Core\Dependencies\DotNetZip\Unity.VisualScripting.IonicZip.dll
Native extension for WindowsStandalone target not found
Refreshing native plugins compatible for Editor in 0.87 ms, found 4 plugins.
Preloading 0 native plugins for Editor in 0.00 ms.
Mono: successfully reloaded assembly
- Completed reload, in  0.891 seconds
Domain Reload Profiling:
	ReloadAssembly (892ms)
		BeginReloadAssembly (115ms)
			ExecutionOrderSort (0ms)
			DisableScriptedObjects (6ms)
			BackupInstance (0ms)
			ReleaseScriptingObjects (0ms)
			CreateAndSetChildDomain (36ms)
		EndReloadAssembly (719ms)
			LoadAssemblies (78ms)
			RebuildTransferFunctionScriptingTraits (0ms)
			SetupTypeCache (257ms)
			ReleaseScriptCaches (1ms)
			RebuildScriptCaches (33ms)
			SetupLoadedEditorAssemblies (252ms)
				LogAssemblyErrors (0ms)
				InitializePlatformSupportModulesInManaged (3ms)
				SetLoadedEditorAssemblies (0ms)
				RefreshPlugins (1ms)
				BeforeProcessingInitializeOnLoad (66ms)
				ProcessInitializeOnLoadAttributes (170ms)
				ProcessInitializeOnLoadMethodAttributes (6ms)
				AfterProcessingInitializeOnLoad (5ms)
				EditorAssembliesLoaded (0ms)
			ExecutionOrderSort2 (0ms)
			AwakeInstancesAfterBackupRestoration (15ms)
Platform modules already initialized, skipping
Refreshing native plugins compatible for Editor in 0.86 ms, found 4 plugins.
Preloading 0 native plugins for Editor in 0.00 ms.
Unloading 4917 Unused Serialized files (Serialized files now loaded: 0)
System memory in use before: 193.7 MB.
System memory in use after: 194.1 MB.

Unloading 19 unused Assets to reduce memory usage. Loaded Objects now: 5679.
Total: 3.155000 ms (FindLiveObjects: 0.343200 ms CreateObjectMapping: 0.112800 ms MarkObjects: 2.681800 ms  DeleteObjects: 0.016400 ms)

AssetImportParameters requested are different than current active one (requested -> active):
  custom:framework-win-MediaFoundation: 216162199b28c13a410421893ffa2e32 -> 
  custom:video-decoder-ogg-theora: a1e56fd34408186e4bbccfd4996cb3dc -> 
  custom:container-muxer-webm: aa71ff27fc2769a1b78a27578f13a17b -> 
  custom:container-demuxer-webm: 4f35f7cbe854078d1ac9338744f61a02 -> 
  custom:container-demuxer-ogg: 62fdf1f143b41e24485cea50d1cbac27 -> 
  custom:video-encoder-webm-vp8: eb34c28f22e8b96e1ab97ce403110664 -> 
  custom:video-decoder-webm-vp8: 9c59270c3fd7afecdb556c50c9e8de78 -> 
  custom:audio-decoder-ogg-vorbis: bf7c407c2cedff20999df2af8eb42d56 -> 
  custom:audio-encoder-webm-vorbis: bf7c407c2cedff20999df2af8eb42d56 -> 
========================================================================
Received Prepare
Registering precompiled user dll's ...
Registered in 0.004173 seconds.
Begin MonoManager ReloadAssembly
Symbol file LoadedFromMemory doesn't match image C:\- Leonardo Fraga Games\Projects\Little-Sim-Neightborhood\LittleSimNeightborhood\Library\PackageCache\com.unity.visualscripting@1.6.1\Editor\VisualScripting.Core\Dependencies\YamlDotNet\Unity.VisualScripting.YamlDotNet.dll
Symbol file LoadedFromMemory doesn't match image C:\- Leonardo Fraga Games\Projects\Little-Sim-Neightborhood\LittleSimNeightborhood\Library\PackageCache\com.unity.visualscripting@1.6.1\Editor\VisualScripting.Core\Dependencies\DotNetZip\Unity.VisualScripting.IonicZip.dll
Native extension for WindowsStandalone target not found
Refreshing native plugins compatible for Editor in 0.86 ms, found 4 plugins.
Preloading 0 native plugins for Editor in 0.00 ms.
Mono: successfully reloaded assembly
- Completed reload, in  0.862 seconds
Domain Reload Profiling:
	ReloadAssembly (863ms)
		BeginReloadAssembly (102ms)
			ExecutionOrderSort (0ms)
			DisableScriptedObjects (7ms)
			BackupInstance (0ms)
			ReleaseScriptingObjects (0ms)
			CreateAndSetChildDomain (30ms)
		EndReloadAssembly (713ms)
			LoadAssemblies (74ms)
			RebuildTransferFunctionScriptingTraits (0ms)
			SetupTypeCache (243ms)
			ReleaseScriptCaches (1ms)
			RebuildScriptCaches (34ms)
			SetupLoadedEditorAssemblies (262ms)
				LogAssemblyErrors (0ms)
				InitializePlatformSupportModulesInManaged (3ms)
				SetLoadedEditorAssemblies (0ms)
				RefreshPlugins (1ms)
				BeforeProcessingInitializeOnLoad (65ms)
				ProcessInitializeOnLoadAttributes (181ms)
				ProcessInitializeOnLoadMethodAttributes (6ms)
				AfterProcessingInitializeOnLoad (5ms)
				EditorAssembliesLoaded (0ms)
			ExecutionOrderSort2 (0ms)
			AwakeInstancesAfterBackupRestoration (15ms)
Platform modules already initialized, skipping
Refreshing native plugins compatible for Editor in 0.87 ms, found 4 plugins.
Preloading 0 native plugins for Editor in 0.00 ms.
Unloading 4917 Unused Serialized files (Serialized files now loaded: 0)
System memory in use before: 193.7 MB.
System memory in use after: 194.2 MB.

Unloading 19 unused Assets to reduce memory usage. Loaded Objects now: 5682.
Total: 3.789400 ms (FindLiveObjects: 0.408500 ms CreateObjectMapping: 0.297600 ms MarkObjects: 3.065100 ms  DeleteObjects: 0.017200 ms)

AssetImportParameters requested are different than current active one (requested -> active):
  custom:framework-win-MediaFoundation: 216162199b28c13a410421893ffa2e32 -> 
  custom:video-decoder-ogg-theora: a1e56fd34408186e4bbccfd4996cb3dc -> 
  custom:container-muxer-webm: aa71ff27fc2769a1b78a27578f13a17b -> 
  custom:container-demuxer-webm: 4f35f7cbe854078d1ac9338744f61a02 -> 
  custom:container-demuxer-ogg: 62fdf1f143b41e24485cea50d1cbac27 -> 
  custom:video-encoder-webm-vp8: eb34c28f22e8b96e1ab97ce403110664 -> 
  custom:video-decoder-webm-vp8: 9c59270c3fd7afecdb556c50c9e8de78 -> 
  custom:audio-decoder-ogg-vorbis: bf7c407c2cedff20999df2af8eb42d56 -> 
  custom:audio-encoder-webm-vorbis: bf7c407c2cedff20999df2af8eb42d56 -> 
========================================================================
Received Import Request.
  Time since last request: 200.700678 seconds.
  path: Assets/4 - Prefabs/0 - Environment/Stone.prefab
  artifactKey: Guid(ac17e014347e1c84db60865fe59f07a1) Importer(815301076,1909f56bfc062723c751e8b465ee728b)
Start importing Assets/4 - Prefabs/0 - Environment/Stone.prefab using Guid(ac17e014347e1c84db60865fe59f07a1) Importer(815301076,1909f56bfc062723c751e8b465ee728b)  -> (artifact id: '7da6a5734b5e843f1ce96ea03e1c5a98') in 0.114835 seconds 
========================================================================
Received Import Request.
  Time since last request: 122.241733 seconds.
  path: Assets/4 - Prefabs/0 - Environment/Broken Fountain - Holder.prefab
  artifactKey: Guid(04a83192a8a37284181509066725f157) Importer(815301076,1909f56bfc062723c751e8b465ee728b)
Start importing Assets/4 - Prefabs/0 - Environment/Broken Fountain - Holder.prefab using Guid(04a83192a8a37284181509066725f157) Importer(815301076,1909f56bfc062723c751e8b465ee728b)  -> (artifact id: '117ad1c47df3bd753fae292426af20e0') in 0.011414 seconds 
========================================================================
Received Import Request.
  Time since last request: 375.690230 seconds.
  path: Assets/4 - Prefabs/0 - Environment/Bush 07 - Holder Variant.prefab
  artifactKey: Guid(6b59b386980b1bc43a83f6f670e4ac12) Importer(815301076,1909f56bfc062723c751e8b465ee728b)
Start importing Assets/4 - Prefabs/0 - Environment/Bush 07 - Holder Variant.prefab using Guid(6b59b386980b1bc43a83f6f670e4ac12) Importer(815301076,1909f56bfc062723c751e8b465ee728b)  -> (artifact id: '87c73b0e47362d2e5b7451f2d16ee1cf') in 0.012187 seconds 
========================================================================
Received Prepare
Registering precompiled user dll's ...
Registered in 0.005088 seconds.
Begin MonoManager ReloadAssembly
Symbol file LoadedFromMemory doesn't match image C:\- Leonardo Fraga Games\Projects\Little-Sim-Neightborhood\LittleSimNeightborhood\Library\PackageCache\com.unity.visualscripting@1.6.1\Editor\VisualScripting.Core\Dependencies\YamlDotNet\Unity.VisualScripting.YamlDotNet.dll
Symbol file LoadedFromMemory doesn't match image C:\- Leonardo Fraga Games\Projects\Little-Sim-Neightborhood\LittleSimNeightborhood\Library\PackageCache\com.unity.visualscripting@1.6.1\Editor\VisualScripting.Core\Dependencies\DotNetZip\Unity.VisualScripting.IonicZip.dll
Native extension for WindowsStandalone target not found
Refreshing native plugins compatible for Editor in 0.86 ms, found 4 plugins.
Preloading 0 native plugins for Editor in 0.00 ms.
Mono: successfully reloaded assembly
- Completed reload, in  0.897 seconds
Domain Reload Profiling:
	ReloadAssembly (898ms)
		BeginReloadAssembly (128ms)
			ExecutionOrderSort (0ms)
			DisableScriptedObjects (7ms)
			BackupInstance (0ms)
			ReleaseScriptingObjects (0ms)
			CreateAndSetChildDomain (42ms)
		EndReloadAssembly (719ms)
			LoadAssemblies (89ms)
			RebuildTransferFunctionScriptingTraits (0ms)
			SetupTypeCache (247ms)
			ReleaseScriptCaches (1ms)
			RebuildScriptCaches (34ms)
			SetupLoadedEditorAssemblies (254ms)
				LogAssemblyErrors (0ms)
				InitializePlatformSupportModulesInManaged (4ms)
				SetLoadedEditorAssemblies (0ms)
				RefreshPlugins (1ms)
				BeforeProcessingInitializeOnLoad (65ms)
				ProcessInitializeOnLoadAttributes (172ms)
				ProcessInitializeOnLoadMethodAttributes (6ms)
				AfterProcessingInitializeOnLoad (5ms)
				EditorAssembliesLoaded (0ms)
			ExecutionOrderSort2 (0ms)
			AwakeInstancesAfterBackupRestoration (16ms)
Platform modules already initialized, skipping
Refreshing native plugins compatible for Editor in 0.91 ms, found 4 plugins.
Preloading 0 native plugins for Editor in 0.00 ms.
Unloading 4917 Unused Serialized files (Serialized files now loaded: 0)
System memory in use before: 193.7 MB.
System memory in use after: 194.2 MB.

Unloading 19 unused Assets to reduce memory usage. Loaded Objects now: 5723.
Total: 3.266000 ms (FindLiveObjects: 0.326500 ms CreateObjectMapping: 0.132200 ms MarkObjects: 2.790500 ms  DeleteObjects: 0.016200 ms)

AssetImportParameters requested are different than current active one (requested -> active):
  custom:framework-win-MediaFoundation: 216162199b28c13a410421893ffa2e32 -> 
  custom:video-decoder-ogg-theora: a1e56fd34408186e4bbccfd4996cb3dc -> 
  custom:container-muxer-webm: aa71ff27fc2769a1b78a27578f13a17b -> 
  custom:container-demuxer-webm: 4f35f7cbe854078d1ac9338744f61a02 -> 
  custom:container-demuxer-ogg: 62fdf1f143b41e24485cea50d1cbac27 -> 
  custom:video-encoder-webm-vp8: eb34c28f22e8b96e1ab97ce403110664 -> 
  custom:video-decoder-webm-vp8: 9c59270c3fd7afecdb556c50c9e8de78 -> 
  custom:audio-decoder-ogg-vorbis: bf7c407c2cedff20999df2af8eb42d56 -> 
  custom:audio-encoder-webm-vorbis: bf7c407c2cedff20999df2af8eb42d56 -> 
========================================================================
Received Prepare
Registering precompiled user dll's ...
Registered in 0.004744 seconds.
Begin MonoManager ReloadAssembly
Symbol file LoadedFromMemory doesn't match image C:\- Leonardo Fraga Games\Projects\Little-Sim-Neightborhood\LittleSimNeightborhood\Library\PackageCache\com.unity.visualscripting@1.6.1\Editor\VisualScripting.Core\Dependencies\YamlDotNet\Unity.VisualScripting.YamlDotNet.dll
Symbol file LoadedFromMemory doesn't match image C:\- Leonardo Fraga Games\Projects\Little-Sim-Neightborhood\LittleSimNeightborhood\Library\PackageCache\com.unity.visualscripting@1.6.1\Editor\VisualScripting.Core\Dependencies\DotNetZip\Unity.VisualScripting.IonicZip.dll
Native extension for WindowsStandalone target not found
Refreshing native plugins compatible for Editor in 0.87 ms, found 4 plugins.
Preloading 0 native plugins for Editor in 0.00 ms.
Mono: successfully reloaded assembly
- Completed reload, in  0.862 seconds
Domain Reload Profiling:
	ReloadAssembly (863ms)
		BeginReloadAssembly (104ms)
			ExecutionOrderSort (0ms)
			DisableScriptedObjects (6ms)
			BackupInstance (0ms)
			ReleaseScriptingObjects (0ms)
			CreateAndSetChildDomain (30ms)
		EndReloadAssembly (713ms)
			LoadAssemblies (75ms)
			RebuildTransferFunctionScriptingTraits (0ms)
			SetupTypeCache (242ms)
			ReleaseScriptCaches (1ms)
			RebuildScriptCaches (35ms)
			SetupLoadedEditorAssemblies (253ms)
				LogAssemblyErrors (0ms)
				InitializePlatformSupportModulesInManaged (3ms)
				SetLoadedEditorAssemblies (0ms)
				RefreshPlugins (1ms)
				BeforeProcessingInitializeOnLoad (66ms)
				ProcessInitializeOnLoadAttributes (168ms)
				ProcessInitializeOnLoadMethodAttributes (7ms)
				AfterProcessingInitializeOnLoad (7ms)
				EditorAssembliesLoaded (0ms)
			ExecutionOrderSort2 (0ms)
			AwakeInstancesAfterBackupRestoration (19ms)
Platform modules already initialized, skipping
Refreshing native plugins compatible for Editor in 0.88 ms, found 4 plugins.
Preloading 0 native plugins for Editor in 0.00 ms.
Unloading 4917 Unused Serialized files (Serialized files now loaded: 0)
System memory in use before: 193.6 MB.
System memory in use after: 194.0 MB.

Unloading 19 unused Assets to reduce memory usage. Loaded Objects now: 5726.
Total: 3.157000 ms (FindLiveObjects: 0.322700 ms CreateObjectMapping: 0.111700 ms MarkObjects: 2.704900 ms  DeleteObjects: 0.017200 ms)

AssetImportParameters requested are different than current active one (requested -> active):
  custom:framework-win-MediaFoundation: 216162199b28c13a410421893ffa2e32 -> 
  custom:video-decoder-ogg-theora: a1e56fd34408186e4bbccfd4996cb3dc -> 
  custom:container-muxer-webm: aa71ff27fc2769a1b78a27578f13a17b -> 
  custom:container-demuxer-webm: 4f35f7cbe854078d1ac9338744f61a02 -> 
  custom:container-demuxer-ogg: 62fdf1f143b41e24485cea50d1cbac27 -> 
  custom:video-encoder-webm-vp8: eb34c28f22e8b96e1ab97ce403110664 -> 
  custom:video-decoder-webm-vp8: 9c59270c3fd7afecdb556c50c9e8de78 -> 
  custom:audio-decoder-ogg-vorbis: bf7c407c2cedff20999df2af8eb42d56 -> 
  custom:audio-encoder-webm-vorbis: bf7c407c2cedff20999df2af8eb42d56 -> 
========================================================================
Received Import Request.
  Time since last request: 187.736666 seconds.
  path: Assets/4 - Prefabs/3 - Collectable Items
  artifactKey: Guid(26da873198980624eb2d742a11430ca7) Importer(815301076,1909f56bfc062723c751e8b465ee728b)
Start importing Assets/4 - Prefabs/3 - Collectable Items using Guid(26da873198980624eb2d742a11430ca7) Importer(815301076,1909f56bfc062723c751e8b465ee728b)  -> (artifact id: '0936c782b913a43ecd440ad903411a8f') in 0.012421 seconds 
========================================================================
Received Import Request.
  Time since last request: 4.340668 seconds.
  path: Assets/4 - Prefabs/3 - Collectable Items/(Item) Black Glasses - Holder.prefab
  artifactKey: Guid(0e22660f9c766ff41a6e83d323ff85f2) Importer(815301076,1909f56bfc062723c751e8b465ee728b)
Start importing Assets/4 - Prefabs/3 - Collectable Items/(Item) Black Glasses - Holder.prefab using Guid(0e22660f9c766ff41a6e83d323ff85f2) Importer(815301076,1909f56bfc062723c751e8b465ee728b)  -> (artifact id: 'b71175cf7597e7fe0405fbcb11ce971c') in 0.119777 seconds 
========================================================================
Received Import Request.
  Time since last request: 49.459061 seconds.
  path: Assets/4 - Prefabs/3 - Collectable Items/(Item) Black Glasses - Holder.prefab
  artifactKey: Guid(0e22660f9c766ff41a6e83d323ff85f2) Importer(815301076,1909f56bfc062723c751e8b465ee728b)
Start importing Assets/4 - Prefabs/3 - Collectable Items/(Item) Black Glasses - Holder.prefab using Guid(0e22660f9c766ff41a6e83d323ff85f2) Importer(815301076,1909f56bfc062723c751e8b465ee728b)  -> (artifact id: '3581ead46938cae31f18d9e833958e0c') in 0.010954 seconds 
========================================================================
Received Prepare
Registering precompiled user dll's ...
Registered in 0.004618 seconds.
Begin MonoManager ReloadAssembly
Symbol file LoadedFromMemory doesn't match image C:\- Leonardo Fraga Games\Projects\Little-Sim-Neightborhood\LittleSimNeightborhood\Library\PackageCache\com.unity.visualscripting@1.6.1\Editor\VisualScripting.Core\Dependencies\YamlDotNet\Unity.VisualScripting.YamlDotNet.dll
Symbol file LoadedFromMemory doesn't match image C:\- Leonardo Fraga Games\Projects\Little-Sim-Neightborhood\LittleSimNeightborhood\Library\PackageCache\com.unity.visualscripting@1.6.1\Editor\VisualScripting.Core\Dependencies\DotNetZip\Unity.VisualScripting.IonicZip.dll
Native extension for WindowsStandalone target not found
Refreshing native plugins compatible for Editor in 1.03 ms, found 4 plugins.
Preloading 0 native plugins for Editor in 0.00 ms.
Mono: successfully reloaded assembly
- Completed reload, in  0.930 seconds
Domain Reload Profiling:
	ReloadAssembly (930ms)
		BeginReloadAssembly (106ms)
			ExecutionOrderSort (0ms)
			DisableScriptedObjects (6ms)
			BackupInstance (0ms)
			ReleaseScriptingObjects (0ms)
			CreateAndSetChildDomain (34ms)
		EndReloadAssembly (781ms)
			LoadAssemblies (79ms)
			RebuildTransferFunctionScriptingTraits (0ms)
			SetupTypeCache (285ms)
			ReleaseScriptCaches (2ms)
			RebuildScriptCaches (37ms)
			SetupLoadedEditorAssemblies (274ms)
				LogAssemblyErrors (0ms)
				InitializePlatformSupportModulesInManaged (4ms)
				SetLoadedEditorAssemblies (1ms)
				RefreshPlugins (1ms)
				BeforeProcessingInitializeOnLoad (73ms)
				ProcessInitializeOnLoadAttributes (182ms)
				ProcessInitializeOnLoadMethodAttributes (7ms)
				AfterProcessingInitializeOnLoad (5ms)
				EditorAssembliesLoaded (0ms)
			ExecutionOrderSort2 (0ms)
			AwakeInstancesAfterBackupRestoration (15ms)
Platform modules already initialized, skipping
Refreshing native plugins compatible for Editor in 0.88 ms, found 4 plugins.
Preloading 0 native plugins for Editor in 0.00 ms.
Unloading 4917 Unused Serialized files (Serialized files now loaded: 0)
System memory in use before: 193.8 MB.
System memory in use after: 194.3 MB.

Unloading 19 unused Assets to reduce memory usage. Loaded Objects now: 5767.
Total: 3.563000 ms (FindLiveObjects: 0.501100 ms CreateObjectMapping: 0.184700 ms MarkObjects: 2.858800 ms  DeleteObjects: 0.017700 ms)

AssetImportParameters requested are different than current active one (requested -> active):
  custom:framework-win-MediaFoundation: 216162199b28c13a410421893ffa2e32 -> 
  custom:video-decoder-ogg-theora: a1e56fd34408186e4bbccfd4996cb3dc -> 
  custom:container-muxer-webm: aa71ff27fc2769a1b78a27578f13a17b -> 
  custom:container-demuxer-webm: 4f35f7cbe854078d1ac9338744f61a02 -> 
  custom:container-demuxer-ogg: 62fdf1f143b41e24485cea50d1cbac27 -> 
  custom:video-encoder-webm-vp8: eb34c28f22e8b96e1ab97ce403110664 -> 
  custom:video-decoder-webm-vp8: 9c59270c3fd7afecdb556c50c9e8de78 -> 
  custom:audio-decoder-ogg-vorbis: bf7c407c2cedff20999df2af8eb42d56 -> 
  custom:audio-encoder-webm-vorbis: bf7c407c2cedff20999df2af8eb42d56 -> 
========================================================================
Received Import Request.
  Time since last request: 3.310276 seconds.
  path: Assets/4 - Prefabs/3 - Collectable Items/Pickable Item - Holder.prefab
  artifactKey: Guid(89e885f366e8ec5488e8918c020be488) Importer(815301076,1909f56bfc062723c751e8b465ee728b)
Start importing Assets/4 - Prefabs/3 - Collectable Items/Pickable Item - Holder.prefab using Guid(89e885f366e8ec5488e8918c020be488) Importer(815301076,1909f56bfc062723c751e8b465ee728b)  -> (artifact id: '77f0e0bdecc5b4e3b2472da3630e2447') in 0.117297 seconds 
========================================================================
Received Prepare
Registering precompiled user dll's ...
Registered in 0.004996 seconds.
Begin MonoManager ReloadAssembly
Symbol file LoadedFromMemory doesn't match image C:\- Leonardo Fraga Games\Projects\Little-Sim-Neightborhood\LittleSimNeightborhood\Library\PackageCache\com.unity.visualscripting@1.6.1\Editor\VisualScripting.Core\Dependencies\YamlDotNet\Unity.VisualScripting.YamlDotNet.dll
Symbol file LoadedFromMemory doesn't match image C:\- Leonardo Fraga Games\Projects\Little-Sim-Neightborhood\LittleSimNeightborhood\Library\PackageCache\com.unity.visualscripting@1.6.1\Editor\VisualScripting.Core\Dependencies\DotNetZip\Unity.VisualScripting.IonicZip.dll
Native extension for WindowsStandalone target not found
Refreshing native plugins compatible for Editor in 1.37 ms, found 4 plugins.
Preloading 0 native plugins for Editor in 0.00 ms.
Mono: successfully reloaded assembly
- Completed reload, in  0.925 seconds
Domain Reload Profiling:
	ReloadAssembly (926ms)
		BeginReloadAssembly (107ms)
			ExecutionOrderSort (0ms)
			DisableScriptedObjects (6ms)
			BackupInstance (0ms)
			ReleaseScriptingObjects (0ms)
			CreateAndSetChildDomain (35ms)
		EndReloadAssembly (774ms)
			LoadAssemblies (76ms)
			RebuildTransferFunctionScriptingTraits (0ms)
			SetupTypeCache (265ms)
			ReleaseScriptCaches (2ms)
			RebuildScriptCaches (44ms)
			SetupLoadedEditorAssemblies (277ms)
				LogAssemblyErrors (0ms)
				InitializePlatformSupportModulesInManaged (5ms)
				SetLoadedEditorAssemblies (0ms)
				RefreshPlugins (1ms)
				BeforeProcessingInitializeOnLoad (79ms)
				ProcessInitializeOnLoadAttributes (178ms)
				ProcessInitializeOnLoadMethodAttributes (8ms)
				AfterProcessingInitializeOnLoad (5ms)
				EditorAssembliesLoaded (0ms)
			ExecutionOrderSort2 (0ms)
			AwakeInstancesAfterBackupRestoration (16ms)
Platform modules already initialized, skipping
Refreshing native plugins compatible for Editor in 0.88 ms, found 4 plugins.
Preloading 0 native plugins for Editor in 0.00 ms.
Unloading 4917 Unused Serialized files (Serialized files now loaded: 0)
System memory in use before: 193.9 MB.
System memory in use after: 194.3 MB.

Unloading 19 unused Assets to reduce memory usage. Loaded Objects now: 5808.
Total: 4.022000 ms (FindLiveObjects: 0.435200 ms CreateObjectMapping: 0.116700 ms MarkObjects: 3.452100 ms  DeleteObjects: 0.017300 ms)

AssetImportParameters requested are different than current active one (requested -> active):
  custom:framework-win-MediaFoundation: 216162199b28c13a410421893ffa2e32 -> 
  custom:video-decoder-ogg-theora: a1e56fd34408186e4bbccfd4996cb3dc -> 
  custom:container-muxer-webm: aa71ff27fc2769a1b78a27578f13a17b -> 
  custom:container-demuxer-webm: 4f35f7cbe854078d1ac9338744f61a02 -> 
  custom:container-demuxer-ogg: 62fdf1f143b41e24485cea50d1cbac27 -> 
  custom:video-encoder-webm-vp8: eb34c28f22e8b96e1ab97ce403110664 -> 
  custom:video-decoder-webm-vp8: 9c59270c3fd7afecdb556c50c9e8de78 -> 
  custom:audio-decoder-ogg-vorbis: bf7c407c2cedff20999df2af8eb42d56 -> 
  custom:audio-encoder-webm-vorbis: bf7c407c2cedff20999df2af8eb42d56 -> 
========================================================================
Received Prepare
Registering precompiled user dll's ...
Registered in 0.004063 seconds.
Begin MonoManager ReloadAssembly
Symbol file LoadedFromMemory doesn't match image C:\- Leonardo Fraga Games\Projects\Little-Sim-Neightborhood\LittleSimNeightborhood\Library\PackageCache\com.unity.visualscripting@1.6.1\Editor\VisualScripting.Core\Dependencies\YamlDotNet\Unity.VisualScripting.YamlDotNet.dll
Symbol file LoadedFromMemory doesn't match image C:\- Leonardo Fraga Games\Projects\Little-Sim-Neightborhood\LittleSimNeightborhood\Library\PackageCache\com.unity.visualscripting@1.6.1\Editor\VisualScripting.Core\Dependencies\DotNetZip\Unity.VisualScripting.IonicZip.dll
Native extension for WindowsStandalone target not found
Refreshing native plugins compatible for Editor in 0.86 ms, found 4 plugins.
Preloading 0 native plugins for Editor in 0.00 ms.
Mono: successfully reloaded assembly
- Completed reload, in  0.852 seconds
Domain Reload Profiling:
	ReloadAssembly (853ms)
		BeginReloadAssembly (98ms)
			ExecutionOrderSort (0ms)
			DisableScriptedObjects (6ms)
			BackupInstance (0ms)
			ReleaseScriptingObjects (0ms)
			CreateAndSetChildDomain (32ms)
		EndReloadAssembly (712ms)
			LoadAssemblies (75ms)
			RebuildTransferFunctionScriptingTraits (0ms)
			SetupTypeCache (245ms)
			ReleaseScriptCaches (2ms)
			RebuildScriptCaches (40ms)
			SetupLoadedEditorAssemblies (249ms)
				LogAssemblyErrors (0ms)
				InitializePlatformSupportModulesInManaged (3ms)
				SetLoadedEditorAssemblies (0ms)
				RefreshPlugins (1ms)
				BeforeProcessingInitializeOnLoad (64ms)
				ProcessInitializeOnLoadAttributes (167ms)
				ProcessInitializeOnLoadMethodAttributes (8ms)
				AfterProcessingInitializeOnLoad (6ms)
				EditorAssembliesLoaded (0ms)
			ExecutionOrderSort2 (0ms)
			AwakeInstancesAfterBackupRestoration (16ms)
Platform modules already initialized, skipping
Refreshing native plugins compatible for Editor in 0.87 ms, found 4 plugins.
Preloading 0 native plugins for Editor in 0.00 ms.
Unloading 4917 Unused Serialized files (Serialized files now loaded: 0)
System memory in use before: 193.9 MB.
System memory in use after: 194.3 MB.

Unloading 19 unused Assets to reduce memory usage. Loaded Objects now: 5811.
Total: 3.205900 ms (FindLiveObjects: 0.329200 ms CreateObjectMapping: 0.113500 ms MarkObjects: 2.746800 ms  DeleteObjects: 0.015800 ms)

AssetImportParameters requested are different than current active one (requested -> active):
  custom:framework-win-MediaFoundation: 216162199b28c13a410421893ffa2e32 -> 
  custom:video-decoder-ogg-theora: a1e56fd34408186e4bbccfd4996cb3dc -> 
  custom:container-muxer-webm: aa71ff27fc2769a1b78a27578f13a17b -> 
  custom:container-demuxer-webm: 4f35f7cbe854078d1ac9338744f61a02 -> 
  custom:container-demuxer-ogg: 62fdf1f143b41e24485cea50d1cbac27 -> 
  custom:video-encoder-webm-vp8: eb34c28f22e8b96e1ab97ce403110664 -> 
  custom:video-decoder-webm-vp8: 9c59270c3fd7afecdb556c50c9e8de78 -> 
  custom:audio-decoder-ogg-vorbis: bf7c407c2cedff20999df2af8eb42d56 -> 
  custom:audio-encoder-webm-vorbis: bf7c407c2cedff20999df2af8eb42d56 -> 
========================================================================
Received Import Request.
  Time since last request: 98.477208 seconds.
  path: Assets/2 - Animators & Anims/Pulsing Size/OverheadIcon_Animator.controller
  artifactKey: Guid(d2c793b84c1373846a4a55e96ecde461) Importer(815301076,1909f56bfc062723c751e8b465ee728b)
Start importing Assets/2 - Animators & Anims/Pulsing Size/OverheadIcon_Animator.controller using Guid(d2c793b84c1373846a4a55e96ecde461) Importer(815301076,1909f56bfc062723c751e8b465ee728b)  -> (artifact id: 'ce60571355ac103647c212b73cc59411') in 0.020544 seconds 
========================================================================
Received Import Request.
  Time since last request: 3.949338 seconds.
  path: Assets/2 - Animators & Anims/Pulsing Size/PulsingSize_Animator.controller
  artifactKey: Guid(d2c793b84c1373846a4a55e96ecde461) Importer(815301076,1909f56bfc062723c751e8b465ee728b)
Start importing Assets/2 - Animators & Anims/Pulsing Size/PulsingSize_Animator.controller using Guid(d2c793b84c1373846a4a55e96ecde461) Importer(815301076,1909f56bfc062723c751e8b465ee728b)  -> (artifact id: '0c86c41042d96f8aeedace48905e4daa') in 0.005882 seconds 
========================================================================
Received Import Request.
  Time since last request: 0.561532 seconds.
  path: Assets/2 - Animators & Anims/Pulsing Size/OverheadIcon_Idle.anim
  artifactKey: Guid(e9c11a2c7583380448e2110b72b2a9db) Importer(815301076,1909f56bfc062723c751e8b465ee728b)
Start importing Assets/2 - Animators & Anims/Pulsing Size/OverheadIcon_Idle.anim using Guid(e9c11a2c7583380448e2110b72b2a9db) Importer(815301076,1909f56bfc062723c751e8b465ee728b)  -> (artifact id: '003b84f0284cb351682770a6eb2eff5d') in 0.002897 seconds 
========================================================================
Received Import Request.
  Time since last request: 4.097636 seconds.
  path: Assets/2 - Animators & Anims/Pulsing Size/PulsingSize_Idle.anim
  artifactKey: Guid(e9c11a2c7583380448e2110b72b2a9db) Importer(815301076,1909f56bfc062723c751e8b465ee728b)
Start importing Assets/2 - Animators & Anims/Pulsing Size/PulsingSize_Idle.anim using Guid(e9c11a2c7583380448e2110b72b2a9db) Importer(815301076,1909f56bfc062723c751e8b465ee728b)  -> (artifact id: '5dd596bb3368105e43443ac4f5a5052d') in 0.006118 seconds 
========================================================================
Received Prepare
Registering precompiled user dll's ...
Registered in 0.005064 seconds.
Begin MonoManager ReloadAssembly
Symbol file LoadedFromMemory doesn't match image C:\- Leonardo Fraga Games\Projects\Little-Sim-Neightborhood\LittleSimNeightborhood\Library\PackageCache\com.unity.visualscripting@1.6.1\Editor\VisualScripting.Core\Dependencies\YamlDotNet\Unity.VisualScripting.YamlDotNet.dll
Symbol file LoadedFromMemory doesn't match image C:\- Leonardo Fraga Games\Projects\Little-Sim-Neightborhood\LittleSimNeightborhood\Library\PackageCache\com.unity.visualscripting@1.6.1\Editor\VisualScripting.Core\Dependencies\DotNetZip\Unity.VisualScripting.IonicZip.dll
Native extension for WindowsStandalone target not found
Refreshing native plugins compatible for Editor in 0.90 ms, found 4 plugins.
Preloading 0 native plugins for Editor in 0.00 ms.
Mono: successfully reloaded assembly
- Completed reload, in  0.967 seconds
Domain Reload Profiling:
	ReloadAssembly (968ms)
		BeginReloadAssembly (108ms)
			ExecutionOrderSort (0ms)
			DisableScriptedObjects (6ms)
			BackupInstance (0ms)
			ReleaseScriptingObjects (0ms)
			CreateAndSetChildDomain (33ms)
		EndReloadAssembly (816ms)
			LoadAssemblies (77ms)
			RebuildTransferFunctionScriptingTraits (0ms)
			SetupTypeCache (284ms)
			ReleaseScriptCaches (2ms)
			RebuildScriptCaches (42ms)
			SetupLoadedEditorAssemblies (296ms)
				LogAssemblyErrors (0ms)
				InitializePlatformSupportModulesInManaged (4ms)
				SetLoadedEditorAssemblies (0ms)
				RefreshPlugins (1ms)
				BeforeProcessingInitializeOnLoad (77ms)
				ProcessInitializeOnLoadAttributes (201ms)
				ProcessInitializeOnLoadMethodAttributes (7ms)
				AfterProcessingInitializeOnLoad (5ms)
				EditorAssembliesLoaded (0ms)
			ExecutionOrderSort2 (0ms)
			AwakeInstancesAfterBackupRestoration (18ms)
Platform modules already initialized, skipping
Refreshing native plugins compatible for Editor in 0.85 ms, found 4 plugins.
Preloading 0 native plugins for Editor in 0.00 ms.
Unloading 4917 Unused Serialized files (Serialized files now loaded: 0)
System memory in use before: 193.8 MB.
System memory in use after: 194.3 MB.

Unloading 19 unused Assets to reduce memory usage. Loaded Objects now: 5814.
Total: 3.349900 ms (FindLiveObjects: 0.334200 ms CreateObjectMapping: 0.112500 ms MarkObjects: 2.888800 ms  DeleteObjects: 0.013600 ms)

AssetImportParameters requested are different than current active one (requested -> active):
  custom:framework-win-MediaFoundation: 216162199b28c13a410421893ffa2e32 -> 
  custom:video-decoder-ogg-theora: a1e56fd34408186e4bbccfd4996cb3dc -> 
  custom:container-muxer-webm: aa71ff27fc2769a1b78a27578f13a17b -> 
  custom:container-demuxer-webm: 4f35f7cbe854078d1ac9338744f61a02 -> 
  custom:container-demuxer-ogg: 62fdf1f143b41e24485cea50d1cbac27 -> 
  custom:video-encoder-webm-vp8: eb34c28f22e8b96e1ab97ce403110664 -> 
  custom:video-decoder-webm-vp8: 9c59270c3fd7afecdb556c50c9e8de78 -> 
  custom:audio-decoder-ogg-vorbis: bf7c407c2cedff20999df2af8eb42d56 -> 
  custom:audio-encoder-webm-vorbis: bf7c407c2cedff20999df2af8eb42d56 -> 
========================================================================
Received Import Request.
  Time since last request: 54.442923 seconds.
  path: Assets/4 - Prefabs/3 - Collectable Items/Pickable Item - Holder.prefab
  artifactKey: Guid(89e885f366e8ec5488e8918c020be488) Importer(815301076,1909f56bfc062723c751e8b465ee728b)
Start importing Assets/4 - Prefabs/3 - Collectable Items/Pickable Item - Holder.prefab using Guid(89e885f366e8ec5488e8918c020be488) Importer(815301076,1909f56bfc062723c751e8b465ee728b)  -> (artifact id: '673efbc1e7a3556bc647bd470a1d6a99') in 0.106763 seconds 
========================================================================
Received Import Request.
  Time since last request: 2.684262 seconds.
  path: Assets/4 - Prefabs/3 - Collectable Items/(Item) Black Glasses - Holder.prefab
  artifactKey: Guid(0e22660f9c766ff41a6e83d323ff85f2) Importer(815301076,1909f56bfc062723c751e8b465ee728b)
Start importing Assets/4 - Prefabs/3 - Collectable Items/(Item) Black Glasses - Holder.prefab using Guid(0e22660f9c766ff41a6e83d323ff85f2) Importer(815301076,1909f56bfc062723c751e8b465ee728b)  -> (artifact id: 'a20cf44635304690ad0517fff481d3b6') in 0.011291 seconds 
========================================================================
Received Import Request.
  Time since last request: 19.221508 seconds.
  path: Assets/4 - Prefabs/3 - Collectable Items/(Item) Bow Tie Belt - Holder Variant.prefab
  artifactKey: Guid(dd08af88a7ce00044ad17e3caf62e166) Importer(815301076,1909f56bfc062723c751e8b465ee728b)
Start importing Assets/4 - Prefabs/3 - Collectable Items/(Item) Bow Tie Belt - Holder Variant.prefab using Guid(dd08af88a7ce00044ad17e3caf62e166) Importer(815301076,1909f56bfc062723c751e8b465ee728b)  -> (artifact id: '6be9aad65ec5bd2772384b3557227aa8') in 0.013477 seconds 
========================================================================
Received Import Request.
  Time since last request: 4.567243 seconds.
  path: Assets/Inventory System/Items/001 - Sunglasses - Blue.asset
  artifactKey: Guid(8ffca5108813b58498bce45badfd2b59) Importer(815301076,1909f56bfc062723c751e8b465ee728b)
Start importing Assets/Inventory System/Items/001 - Sunglasses - Blue.asset using Guid(8ffca5108813b58498bce45badfd2b59) Importer(815301076,1909f56bfc062723c751e8b465ee728b)  -> (artifact id: 'c1ba8e4808674b73b1c8b1f294d750ca') in 0.009646 seconds 
========================================================================
Received Import Request.
  Time since last request: 0.000123 seconds.
  path: Assets/Inventory System/Items/003 - Sunglasses - Monocles.asset
  artifactKey: Guid(165688cedda0c9e409b609ef62c5f97a) Importer(815301076,1909f56bfc062723c751e8b465ee728b)
Start importing Assets/Inventory System/Items/003 - Sunglasses - Monocles.asset using Guid(165688cedda0c9e409b609ef62c5f97a) Importer(815301076,1909f56bfc062723c751e8b465ee728b)  -> (artifact id: '6727519eec3a9ad2a2101f691caf2d1d') in 0.006850 seconds 
========================================================================
Received Import Request.
  Time since last request: 0.000116 seconds.
  path: Assets/Inventory System/Items/004 - Belt - Black.asset
  artifactKey: Guid(aa326f42c7923b44996900db182a6b23) Importer(815301076,1909f56bfc062723c751e8b465ee728b)
Start importing Assets/Inventory System/Items/004 - Belt - Black.asset using Guid(aa326f42c7923b44996900db182a6b23) Importer(815301076,1909f56bfc062723c751e8b465ee728b)  -> (artifact id: 'fc90a5676c86b98884a22d22a9fb7a6d') in 0.006817 seconds 
========================================================================
Received Import Request.
  Time since last request: 0.000123 seconds.
  path: Assets/Inventory System/Items/005 - Belt - Bow Tie.asset
  artifactKey: Guid(b70af0d2a048a334db4c0208874073e0) Importer(815301076,1909f56bfc062723c751e8b465ee728b)
Start importing Assets/Inventory System/Items/005 - Belt - Bow Tie.asset using Guid(b70af0d2a048a334db4c0208874073e0) Importer(815301076,1909f56bfc062723c751e8b465ee728b)  -> (artifact id: '601fd9baa1dc4aa264d1f4247f3f7b97') in 0.007561 seconds 
========================================================================
Received Import Request.
  Time since last request: 0.000111 seconds.
  path: Assets/Inventory System/Items/002  - Sunglasses - Red.asset
  artifactKey: Guid(5a147f6146b91a1409642cf8d569be6b) Importer(815301076,1909f56bfc062723c751e8b465ee728b)
Start importing Assets/Inventory System/Items/002  - Sunglasses - Red.asset using Guid(5a147f6146b91a1409642cf8d569be6b) Importer(815301076,1909f56bfc062723c751e8b465ee728b)  -> (artifact id: '2a6853e03bb9cd8ac0aff92dd9ed5a96') in 0.007388 seconds 
========================================================================
Received Import Request.
  Time since last request: 0.000134 seconds.
  path: Assets/Inventory System/Items/006 - Belt - Golden.asset
  artifactKey: Guid(cfde04395402d7a43a9f0874f468ffbb) Importer(815301076,1909f56bfc062723c751e8b465ee728b)
Start importing Assets/Inventory System/Items/006 - Belt - Golden.asset using Guid(cfde04395402d7a43a9f0874f468ffbb) Importer(815301076,1909f56bfc062723c751e8b465ee728b)  -> (artifact id: 'c4e7f086d5907311588f464b073d97b9') in 0.006916 seconds 
========================================================================
Received Import Request.
  Time since last request: 70.457769 seconds.
  path: Assets/4 - Prefabs/3 - Collectable Items/(Item) Bow Tie Belt - Holder Variant.prefab
  artifactKey: Guid(dd08af88a7ce00044ad17e3caf62e166) Importer(815301076,1909f56bfc062723c751e8b465ee728b)
Start importing Assets/4 - Prefabs/3 - Collectable Items/(Item) Bow Tie Belt - Holder Variant.prefab using Guid(dd08af88a7ce00044ad17e3caf62e166) Importer(815301076,1909f56bfc062723c751e8b465ee728b)  -> (artifact id: 'ddabb10201270db043c70c20a9380122') in 0.012725 seconds 
========================================================================
Received Prepare
Registering precompiled user dll's ...
Registered in 0.004421 seconds.
Begin MonoManager ReloadAssembly
Symbol file LoadedFromMemory doesn't match image C:\- Leonardo Fraga Games\Projects\Little-Sim-Neightborhood\LittleSimNeightborhood\Library\PackageCache\com.unity.visualscripting@1.6.1\Editor\VisualScripting.Core\Dependencies\YamlDotNet\Unity.VisualScripting.YamlDotNet.dll
Symbol file LoadedFromMemory doesn't match image C:\- Leonardo Fraga Games\Projects\Little-Sim-Neightborhood\LittleSimNeightborhood\Library\PackageCache\com.unity.visualscripting@1.6.1\Editor\VisualScripting.Core\Dependencies\DotNetZip\Unity.VisualScripting.IonicZip.dll
Native extension for WindowsStandalone target not found
Refreshing native plugins compatible for Editor in 0.89 ms, found 4 plugins.
Preloading 0 native plugins for Editor in 0.00 ms.
Mono: successfully reloaded assembly
- Completed reload, in  0.969 seconds
Domain Reload Profiling:
	ReloadAssembly (970ms)
		BeginReloadAssembly (133ms)
			ExecutionOrderSort (0ms)
			DisableScriptedObjects (7ms)
			BackupInstance (0ms)
			ReleaseScriptingObjects (0ms)
			CreateAndSetChildDomain (48ms)
		EndReloadAssembly (783ms)
			LoadAssemblies (88ms)
			RebuildTransferFunctionScriptingTraits (0ms)
			SetupTypeCache (279ms)
			ReleaseScriptCaches (2ms)
			RebuildScriptCaches (42ms)
			SetupLoadedEditorAssemblies (266ms)
				LogAssemblyErrors (0ms)
				InitializePlatformSupportModulesInManaged (3ms)
				SetLoadedEditorAssemblies (0ms)
				RefreshPlugins (1ms)
				BeforeProcessingInitializeOnLoad (69ms)
				ProcessInitializeOnLoadAttributes (179ms)
				ProcessInitializeOnLoadMethodAttributes (7ms)
				AfterProcessingInitializeOnLoad (6ms)
				EditorAssembliesLoaded (0ms)
			ExecutionOrderSort2 (0ms)
			AwakeInstancesAfterBackupRestoration (17ms)
Platform modules already initialized, skipping
Refreshing native plugins compatible for Editor in 1.04 ms, found 4 plugins.
Preloading 0 native plugins for Editor in 0.00 ms.
Unloading 4917 Unused Serialized files (Serialized files now loaded: 0)
System memory in use before: 193.8 MB.
System memory in use after: 194.2 MB.

Unloading 19 unused Assets to reduce memory usage. Loaded Objects now: 5855.
Total: 3.623400 ms (FindLiveObjects: 0.377000 ms CreateObjectMapping: 0.115000 ms MarkObjects: 3.109500 ms  DeleteObjects: 0.021000 ms)

AssetImportParameters requested are different than current active one (requested -> active):
  custom:framework-win-MediaFoundation: 216162199b28c13a410421893ffa2e32 -> 
  custom:video-decoder-ogg-theora: a1e56fd34408186e4bbccfd4996cb3dc -> 
  custom:container-muxer-webm: aa71ff27fc2769a1b78a27578f13a17b -> 
  custom:container-demuxer-webm: 4f35f7cbe854078d1ac9338744f61a02 -> 
  custom:container-demuxer-ogg: 62fdf1f143b41e24485cea50d1cbac27 -> 
  custom:video-encoder-webm-vp8: eb34c28f22e8b96e1ab97ce403110664 -> 
  custom:video-decoder-webm-vp8: 9c59270c3fd7afecdb556c50c9e8de78 -> 
  custom:audio-decoder-ogg-vorbis: bf7c407c2cedff20999df2af8eb42d56 -> 
  custom:audio-encoder-webm-vorbis: bf7c407c2cedff20999df2af8eb42d56 -> 
========================================================================
Received Import Request.
  Time since last request: 21.112434 seconds.
  path: Assets/4 - Prefabs/3 - Collectable Items/(Item) Red Glasses - Holder Variant.prefab
  artifactKey: Guid(76b43e6c096af6c48b8ecc2c0bace43c) Importer(815301076,1909f56bfc062723c751e8b465ee728b)
Start importing Assets/4 - Prefabs/3 - Collectable Items/(Item) Red Glasses - Holder Variant.prefab using Guid(76b43e6c096af6c48b8ecc2c0bace43c) Importer(815301076,1909f56bfc062723c751e8b465ee728b)  -> (artifact id: '063cf609047ed6fca02f521f80cf5835') in 0.118925 seconds 
